<?xml version="1.0" encoding="UTF-8"?>
<!-- Generated by org.testng.reporters.JUnitReportReporter -->
<testsuite skipped="0" hostname="P3ALAP-F1TF2CY" name="Demo" tests="1" failures="0" timestamp="03 Aug 2020 05:41:00 GMT" time="0.021" errors="0">
  <testcase name="test1" time="0.021" classname="Demo"/>
</testsuite> <!-- Demo -->
